<?xml version='1.0' encoding='utf-8'?>
<manifest>
  <remote fetch="https://github.com" name="gh1" alias="origin" />
  <remote fetch="ssh://git@github.com" name="gh2" alias="origin" />
  <default revision="master" />
  <include name="mychocolatey.xml" />
  <include name="omnibus-o1.xml" />
</manifest>
